[debug] [2021-03-16T16:18:40.924Z] ----------------------------------------------------------------------
[debug] [2021-03-16T16:18:40.926Z] Command:       C:\Program Files\nodejs\node.exe C:\Users\Shawon\AppData\Roaming\npm\node_modules\firebase-tools\lib\bin\firebase.js init
[debug] [2021-03-16T16:18:40.926Z] CLI Version:   9.6.1
[debug] [2021-03-16T16:18:40.926Z] Platform:      win32
[debug] [2021-03-16T16:18:40.927Z] Node Version:  v14.15.3
[debug] [2021-03-16T16:18:40.928Z] Time:          Tue Mar 16 2021 22:18:40 GMT+0600 (Bangladesh Standard Time)
[debug] [2021-03-16T16:18:40.928Z] ----------------------------------------------------------------------
[debug] [2021-03-16T16:18:40.928Z] 
[debug] [2021-03-16T16:18:40.933Z] > command requires scopes: ["email","openid","https://www.googleapis.com/auth/cloudplatformprojects.readonly","https://www.googleapis.com/auth/firebase","https://www.googleapis.com/auth/cloud-platform"]
[debug] [2021-03-16T16:18:40.933Z] > authorizing via signed-in user
[info] 
     ######## #### ########  ######## ########     ###     ######  ########
     ##        ##  ##     ## ##       ##     ##  ##   ##  ##       ##
     ######    ##  ########  ######   ########  #########  ######  ######
     ##        ##  ##    ##  ##       ##     ## ##     ##       ## ##
     ##       #### ##     ## ######## ########  ##     ##  ######  ########

You're about to initialize a Firebase project in this directory:

  H:\Web Development\Exercise\React\fire-auth-exe

[info] 
=== Project Setup
[info] 
[info] First, let's associate this project directory with a Firebase project.
[info] You can create multiple project aliases by running firebase use --add, 
[info] but for now we'll just set up a default project.
[info] 
[debug] [2021-03-16T16:18:48.694Z] > refreshing access token with scopes: []
[debug] [2021-03-16T16:18:48.695Z] >>> HTTP REQUEST POST https://www.googleapis.com/oauth2/v3/token  
 <request body omitted>
[debug] [2021-03-16T16:18:49.133Z] <<< HTTP RESPONSE 200 {"pragma":"no-cache","date":"Tue, 16 Mar 2021 16:18:50 GMT","expires":"Mon, 01 Jan 1990 00:00:00 GMT","cache-control":"no-cache, no-store, max-age=0, must-revalidate","content-type":"application/json; charset=utf-8","vary":"X-Origin, Referer, Origin,Accept-Encoding","server":"scaffolding on HTTPServer2","x-xss-protection":"0","x-frame-options":"SAMEORIGIN","x-content-type-options":"nosniff","alt-svc":"h3-29=\":443\"; ma=2592000,h3-T051=\":443\"; ma=2592000,h3-Q050=\":443\"; ma=2592000,h3-Q046=\":443\"; ma=2592000,h3-Q043=\":443\"; ma=2592000,quic=\":443\"; ma=2592000; v=\"46,43\"","accept-ranges":"none","transfer-encoding":"chunked"}
[debug] [2021-03-16T16:18:49.161Z] >>> [apiv2][query] GET https://firebase.googleapis.com/v1beta1/projects pageSize=100
[debug] [2021-03-16T16:18:49.891Z] <<< [apiv2][status] GET https://firebase.googleapis.com/v1beta1/projects 200
[debug] [2021-03-16T16:18:49.892Z] <<< [apiv2][body] GET https://firebase.googleapis.com/v1beta1/projects [omitted]
[debug] [2021-03-16T16:19:36.560Z] ----------------------------------------------------------------------
[debug] [2021-03-16T16:19:36.562Z] Command:       C:\Program Files\nodejs\node.exe C:\Users\Shawon\AppData\Roaming\npm\node_modules\firebase-tools\lib\bin\firebase.js init
[debug] [2021-03-16T16:19:36.563Z] CLI Version:   9.6.1
[debug] [2021-03-16T16:19:36.563Z] Platform:      win32
[debug] [2021-03-16T16:19:36.563Z] Node Version:  v14.15.3
[debug] [2021-03-16T16:19:36.564Z] Time:          Tue Mar 16 2021 22:19:36 GMT+0600 (Bangladesh Standard Time)
[debug] [2021-03-16T16:19:36.564Z] ----------------------------------------------------------------------
[debug] [2021-03-16T16:19:36.564Z] 
[debug] [2021-03-16T16:19:36.569Z] > command requires scopes: ["email","openid","https://www.googleapis.com/auth/cloudplatformprojects.readonly","https://www.googleapis.com/auth/firebase","https://www.googleapis.com/auth/cloud-platform"]
[debug] [2021-03-16T16:19:36.570Z] > authorizing via signed-in user
[info] 
     ######## #### ########  ######## ########     ###     ######  ########
     ##        ##  ##     ## ##       ##     ##  ##   ##  ##       ##
     ######    ##  ########  ######   ########  #########  ######  ######
     ##        ##  ##    ##  ##       ##     ## ##     ##       ## ##
     ##       #### ##     ## ######## ########  ##     ##  ######  ########

You're about to initialize a Firebase project in this directory:

  H:\Web Development\Exercise\React\fire-auth-exe

[info] 
=== Project Setup
[info] 
[info] First, let's associate this project directory with a Firebase project.
[info] You can create multiple project aliases by running firebase use --add, 
[info] but for now we'll just set up a default project.
[info] 
[debug] [2021-03-16T16:19:43.375Z] >>> [apiv2][query] GET https://firebase.googleapis.com/v1beta1/projects pageSize=100
[debug] [2021-03-16T16:19:44.212Z] <<< [apiv2][status] GET https://firebase.googleapis.com/v1beta1/projects 200
[debug] [2021-03-16T16:19:44.212Z] <<< [apiv2][body] GET https://firebase.googleapis.com/v1beta1/projects [omitted]
